<?xml version="1.0" encoding="UTF-8"?>
<testsuite xmlns:xsi="http://www.w3.org/2001/XMLSchema-instance" xsi:noNamespaceSchemaLocation="https://maven.apache.org/surefire/maven-surefire-plugin/xsd/surefire-test-report.xsd" version="3.0.2" name="io.cucumber.junit.platform.engine.CucumberTestEngine" time="47.881" tests="2" errors="2" skipped="0" failures="0">
  <properties>
    <property name="java.specification.version" value="23"/>
    <property name="sun.cpu.isalist" value="amd64"/>
    <property name="sun.jnu.encoding" value="Cp1252"/>
    <property name="java.class.path" value="C:\Users\diego\Documents\1. Automation\projectbanktest\target\test-classes;C:\Users\diego\Documents\1. Automation\projectbanktest\target\classes;C:\Users\diego\.m2\repository\org\apache\logging\log4j\log4j-api\2.24.3\log4j-api-2.24.3.jar;C:\Users\diego\.m2\repository\org\apache\logging\log4j\log4j-core\2.24.3\log4j-core-2.24.3.jar;C:\Users\diego\.m2\repository\com\github\javafaker\javafaker\1.0.2\javafaker-1.0.2.jar;C:\Users\diego\.m2\repository\org\apache\commons\commons-lang3\3.5\commons-lang3-3.5.jar;C:\Users\diego\.m2\repository\org\yaml\snakeyaml\1.23\snakeyaml-1.23-android.jar;C:\Users\diego\.m2\repository\com\github\mifmif\generex\1.0.2\generex-1.0.2.jar;C:\Users\diego\.m2\repository\dk\brics\automaton\automaton\1.11-8\automaton-1.11-8.jar;C:\Users\diego\.m2\repository\com\github\ozlerhakan\poiji\4.7.0\poiji-4.7.0.jar;C:\Users\diego\.m2\repository\org\apache\poi\poi-ooxml\5.4.0\poi-ooxml-5.4.0.jar;C:\Users\diego\.m2\repository\org\apache\poi\poi\5.4.0\poi-5.4.0.jar;C:\Users\diego\.m2\repository\org\apache\commons\commons-math3\3.6.1\commons-math3-3.6.1.jar;C:\Users\diego\.m2\repository\com\zaxxer\SparseBitSet\1.3\SparseBitSet-1.3.jar;C:\Users\diego\.m2\repository\org\apache\poi\poi-ooxml-lite\5.4.0\poi-ooxml-lite-5.4.0.jar;C:\Users\diego\.m2\repository\org\apache\xmlbeans\xmlbeans\5.3.0\xmlbeans-5.3.0.jar;C:\Users\diego\.m2\repository\com\github\virtuald\curvesapi\1.08\curvesapi-1.08.jar;C:\Users\diego\.m2\repository\org\apache\commons\commons-collections4\4.4\commons-collections4-4.4.jar;C:\Users\diego\.m2\repository\com\fasterxml\jackson\core\jackson-databind\2.18.2\jackson-databind-2.18.2.jar;C:\Users\diego\.m2\repository\com\fasterxml\jackson\core\jackson-annotations\2.18.2\jackson-annotations-2.18.2.jar;C:\Users\diego\.m2\repository\com\fasterxml\jackson\core\jackson-core\2.18.2\jackson-core-2.18.2.jar;C:\Users\diego\.m2\repository\org\testng\testng\7.10.2\testng-7.10.2.jar;C:\Users\diego\.m2\repository\com\beust\jcommander\1.82\jcommander-1.82.jar;C:\Users\diego\.m2\repository\org\webjars\jquery\3.7.1\jquery-3.7.1.jar;C:\Users\diego\.m2\repository\org\slf4j\slf4j-simple\2.0.16\slf4j-simple-2.0.16.jar;C:\Users\diego\.m2\repository\org\slf4j\slf4j-api\2.0.16\slf4j-api-2.0.16.jar;C:\Users\diego\.m2\repository\io\rest-assured\rest-assured\5.5.0\rest-assured-5.5.0.jar;C:\Users\diego\.m2\repository\org\apache\groovy\groovy\4.0.22\groovy-4.0.22.jar;C:\Users\diego\.m2\repository\org\apache\groovy\groovy-xml\4.0.22\groovy-xml-4.0.22.jar;C:\Users\diego\.m2\repository\org\apache\httpcomponents\httpclient\4.5.13\httpclient-4.5.13.jar;C:\Users\diego\.m2\repository\org\apache\httpcomponents\httpcore\4.4.13\httpcore-4.4.13.jar;C:\Users\diego\.m2\repository\commons-logging\commons-logging\1.2\commons-logging-1.2.jar;C:\Users\diego\.m2\repository\org\apache\httpcomponents\httpmime\4.5.13\httpmime-4.5.13.jar;C:\Users\diego\.m2\repository\org\hamcrest\hamcrest\2.2\hamcrest-2.2.jar;C:\Users\diego\.m2\repository\org\ccil\cowan\tagsoup\tagsoup\1.2.1\tagsoup-1.2.1.jar;C:\Users\diego\.m2\repository\io\rest-assured\json-path\5.5.0\json-path-5.5.0.jar;C:\Users\diego\.m2\repository\org\apache\groovy\groovy-json\4.0.22\groovy-json-4.0.22.jar;C:\Users\diego\.m2\repository\io\rest-assured\rest-assured-common\5.5.0\rest-assured-common-5.5.0.jar;C:\Users\diego\.m2\repository\io\rest-assured\xml-path\5.5.0\xml-path-5.5.0.jar;C:\Users\diego\.m2\repository\io\rest-assured\json-schema-validator\5.5.1\json-schema-validator-5.5.1.jar;C:\Users\diego\.m2\repository\com\github\java-json-tools\json-schema-validator\2.2.14\json-schema-validator-2.2.14.jar;C:\Users\diego\.m2\repository\com\github\java-json-tools\jackson-coreutils-equivalence\1.0\jackson-coreutils-equivalence-1.0.jar;C:\Users\diego\.m2\repository\com\github\java-json-tools\jackson-coreutils\2.0\jackson-coreutils-2.0.jar;C:\Users\diego\.m2\repository\com\github\java-json-tools\msg-simple\1.2\msg-simple-1.2.jar;C:\Users\diego\.m2\repository\com\github\java-json-tools\btf\1.3\btf-1.3.jar;C:\Users\diego\.m2\repository\com\github\java-json-tools\json-schema-core\1.2.14\json-schema-core-1.2.14.jar;C:\Users\diego\.m2\repository\com\github\java-json-tools\uri-template\0.10\uri-template-0.10.jar;C:\Users\diego\.m2\repository\org\mozilla\rhino\1.7.7.2\rhino-1.7.7.2.jar;C:\Users\diego\.m2\repository\com\sun\mail\mailapi\1.6.2\mailapi-1.6.2.jar;C:\Users\diego\.m2\repository\com\googlecode\libphonenumber\libphonenumber\8.11.1\libphonenumber-8.11.1.jar;C:\Users\diego\.m2\repository\com\google\code\findbugs\jsr305\3.0.2\jsr305-3.0.2.jar;C:\Users\diego\.m2\repository\net\sf\jopt-simple\jopt-simple\5.0.4\jopt-simple-5.0.4.jar;C:\Users\diego\.m2\repository\com\google\guava\guava\33.2.1-jre\guava-33.2.1-jre.jar;C:\Users\diego\.m2\repository\com\google\guava\failureaccess\1.0.2\failureaccess-1.0.2.jar;C:\Users\diego\.m2\repository\com\google\guava\listenablefuture\9999.0-empty-to-avoid-conflict-with-guava\listenablefuture-9999.0-empty-to-avoid-conflict-with-guava.jar;C:\Users\diego\.m2\repository\org\checkerframework\checker-qual\3.42.0\checker-qual-3.42.0.jar;C:\Users\diego\.m2\repository\com\google\errorprone\error_prone_annotations\2.26.1\error_prone_annotations-2.26.1.jar;C:\Users\diego\.m2\repository\com\google\j2objc\j2objc-annotations\3.0.0\j2objc-annotations-3.0.0.jar;C:\Users\diego\.m2\repository\io\cucumber\cucumber-junit-platform-engine\7.21.1\cucumber-junit-platform-engine-7.21.1.jar;C:\Users\diego\.m2\repository\io\cucumber\cucumber-core\7.21.1\cucumber-core-7.21.1.jar;C:\Users\diego\.m2\repository\io\cucumber\cucumber-gherkin\7.21.1\cucumber-gherkin-7.21.1.jar;C:\Users\diego\.m2\repository\io\cucumber\cucumber-gherkin-messages\7.21.1\cucumber-gherkin-messages-7.21.1.jar;C:\Users\diego\.m2\repository\io\cucumber\gherkin\31.0.0\gherkin-31.0.0.jar;C:\Users\diego\.m2\repository\io\cucumber\messages\27.2.0\messages-27.2.0.jar;C:\Users\diego\.m2\repository\io\cucumber\testng-xml-formatter\0.3.1\testng-xml-formatter-0.3.1.jar;C:\Users\diego\.m2\repository\io\cucumber\query\13.2.0\query-13.2.0.jar;C:\Users\diego\.m2\repository\io\cucumber\tag-expressions\6.1.2\tag-expressions-6.1.2.jar;C:\Users\diego\.m2\repository\io\cucumber\cucumber-expressions\18.0.1\cucumber-expressions-18.0.1.jar;C:\Users\diego\.m2\repository\io\cucumber\datatable\7.21.1\datatable-7.21.1.jar;C:\Users\diego\.m2\repository\io\cucumber\cucumber-plugin\7.21.1\cucumber-plugin-7.21.1.jar;C:\Users\diego\.m2\repository\io\cucumber\docstring\7.21.1\docstring-7.21.1.jar;C:\Users\diego\.m2\repository\io\cucumber\html-formatter\21.9.0\html-formatter-21.9.0.jar;C:\Users\diego\.m2\repository\io\cucumber\junit-xml-formatter\0.7.1\junit-xml-formatter-0.7.1.jar;C:\Users\diego\.m2\repository\io\cucumber\ci-environment\10.0.1\ci-environment-10.0.1.jar;C:\Users\diego\.m2\repository\org\junit\platform\junit-platform-engine\1.12.0\junit-platform-engine-1.12.0.jar;C:\Users\diego\.m2\repository\org\opentest4j\opentest4j\1.3.0\opentest4j-1.3.0.jar;C:\Users\diego\.m2\repository\io\cucumber\cucumber-java\7.21.1\cucumber-java-7.21.1.jar;C:\Users\diego\.m2\repository\org\apiguardian\apiguardian-api\1.1.2\apiguardian-api-1.1.2.jar;C:\Users\diego\.m2\repository\net\masterthought\cucumber-reporting\5.8.4\cucumber-reporting-5.8.4.jar;C:\Users\diego\.m2\repository\com\fasterxml\jackson\datatype\jackson-datatype-jsr310\2.18.1\jackson-datatype-jsr310-2.18.1.jar;C:\Users\diego\.m2\repository\org\apache\velocity\velocity-engine-core\2.4.1\velocity-engine-core-2.4.1.jar;C:\Users\diego\.m2\repository\joda-time\joda-time\2.13.0\joda-time-2.13.0.jar;C:\Users\diego\.m2\repository\org\apache\commons\commons-configuration2\2.11.0\commons-configuration2-2.11.0.jar;C:\Users\diego\.m2\repository\commons-io\commons-io\2.17.0\commons-io-2.17.0.jar;C:\Users\diego\.m2\repository\org\apache\commons\commons-text\1.12.0\commons-text-1.12.0.jar;C:\Users\diego\.m2\repository\org\jsoup\jsoup\1.18.1\jsoup-1.18.1.jar;C:\Users\diego\.m2\repository\com\googlecode\owasp-java-html-sanitizer\owasp-java-html-sanitizer\20240325.1\owasp-java-html-sanitizer-20240325.1.jar;C:\Users\diego\.m2\repository\com\googlecode\owasp-java-html-sanitizer\java8-shim\20240325.1\java8-shim-20240325.1.jar;C:\Users\diego\.m2\repository\com\googlecode\owasp-java-html-sanitizer\java10-shim\20240325.1\java10-shim-20240325.1.jar;C:\Users\diego\.m2\repository\org\slf4j\jcl-over-slf4j\2.0.16\jcl-over-slf4j-2.0.16.jar;C:\Users\diego\.m2\repository\org\junit\jupiter\junit-jupiter\5.12.0\junit-jupiter-5.12.0.jar;C:\Users\diego\.m2\repository\org\junit\jupiter\junit-jupiter-api\5.12.0\junit-jupiter-api-5.12.0.jar;C:\Users\diego\.m2\repository\org\junit\jupiter\junit-jupiter-params\5.12.0\junit-jupiter-params-5.12.0.jar;C:\Users\diego\.m2\repository\org\junit\jupiter\junit-jupiter-engine\5.12.0\junit-jupiter-engine-5.12.0.jar;C:\Users\diego\.m2\repository\org\junit\platform\junit-platform-suite-api\1.8.0\junit-platform-suite-api-1.8.0.jar;C:\Users\diego\.m2\repository\org\junit\platform\junit-platform-commons\1.12.0\junit-platform-commons-1.12.0.jar;C:\Users\diego\.m2\repository\org\seleniumhq\selenium\selenium-java\4.29.0\selenium-java-4.29.0.jar;C:\Users\diego\.m2\repository\org\seleniumhq\selenium\selenium-api\4.29.0\selenium-api-4.29.0.jar;C:\Users\diego\.m2\repository\org\jspecify\jspecify\1.0.0\jspecify-1.0.0.jar;C:\Users\diego\.m2\repository\org\seleniumhq\selenium\selenium-chrome-driver\4.29.0\selenium-chrome-driver-4.29.0.jar;C:\Users\diego\.m2\repository\com\google\auto\service\auto-service-annotations\1.1.1\auto-service-annotations-1.1.1.jar;C:\Users\diego\.m2\repository\org\seleniumhq\selenium\selenium-chromium-driver\4.29.0\selenium-chromium-driver-4.29.0.jar;C:\Users\diego\.m2\repository\org\seleniumhq\selenium\selenium-json\4.29.0\selenium-json-4.29.0.jar;C:\Users\diego\.m2\repository\org\seleniumhq\selenium\selenium-manager\4.29.0\selenium-manager-4.29.0.jar;C:\Users\diego\.m2\repository\org\seleniumhq\selenium\selenium-devtools-v131\4.29.0\selenium-devtools-v131-4.29.0.jar;C:\Users\diego\.m2\repository\org\seleniumhq\selenium\selenium-devtools-v132\4.29.0\selenium-devtools-v132-4.29.0.jar;C:\Users\diego\.m2\repository\org\seleniumhq\selenium\selenium-devtools-v133\4.29.0\selenium-devtools-v133-4.29.0.jar;C:\Users\diego\.m2\repository\org\seleniumhq\selenium\selenium-devtools-v85\4.29.0\selenium-devtools-v85-4.29.0.jar;C:\Users\diego\.m2\repository\org\seleniumhq\selenium\selenium-edge-driver\4.29.0\selenium-edge-driver-4.29.0.jar;C:\Users\diego\.m2\repository\org\seleniumhq\selenium\selenium-firefox-driver\4.29.0\selenium-firefox-driver-4.29.0.jar;C:\Users\diego\.m2\repository\org\seleniumhq\selenium\selenium-http\4.29.0\selenium-http-4.29.0.jar;C:\Users\diego\.m2\repository\org\seleniumhq\selenium\selenium-ie-driver\4.29.0\selenium-ie-driver-4.29.0.jar;C:\Users\diego\.m2\repository\org\seleniumhq\selenium\selenium-remote-driver\4.29.0\selenium-remote-driver-4.29.0.jar;C:\Users\diego\.m2\repository\io\opentelemetry\semconv\opentelemetry-semconv\1.28.0-alpha\opentelemetry-semconv-1.28.0-alpha.jar;C:\Users\diego\.m2\repository\io\opentelemetry\opentelemetry-api\1.46.0\opentelemetry-api-1.46.0.jar;C:\Users\diego\.m2\repository\io\opentelemetry\opentelemetry-context\1.46.0\opentelemetry-context-1.46.0.jar;C:\Users\diego\.m2\repository\io\opentelemetry\opentelemetry-exporter-logging\1.46.0\opentelemetry-exporter-logging-1.46.0.jar;C:\Users\diego\.m2\repository\io\opentelemetry\opentelemetry-sdk-common\1.46.0\opentelemetry-sdk-common-1.46.0.jar;C:\Users\diego\.m2\repository\io\opentelemetry\opentelemetry-sdk-extension-autoconfigure-spi\1.46.0\opentelemetry-sdk-extension-autoconfigure-spi-1.46.0.jar;C:\Users\diego\.m2\repository\io\opentelemetry\opentelemetry-sdk-extension-autoconfigure\1.46.0\opentelemetry-sdk-extension-autoconfigure-1.46.0.jar;C:\Users\diego\.m2\repository\io\opentelemetry\opentelemetry-api-incubator\1.46.0-alpha\opentelemetry-api-incubator-1.46.0-alpha.jar;C:\Users\diego\.m2\repository\io\opentelemetry\opentelemetry-sdk-trace\1.46.0\opentelemetry-sdk-trace-1.46.0.jar;C:\Users\diego\.m2\repository\io\opentelemetry\opentelemetry-sdk\1.46.0\opentelemetry-sdk-1.46.0.jar;C:\Users\diego\.m2\repository\io\opentelemetry\opentelemetry-sdk-metrics\1.46.0\opentelemetry-sdk-metrics-1.46.0.jar;C:\Users\diego\.m2\repository\io\opentelemetry\opentelemetry-sdk-logs\1.46.0\opentelemetry-sdk-logs-1.46.0.jar;C:\Users\diego\.m2\repository\net\bytebuddy\byte-buddy\1.15.11\byte-buddy-1.15.11.jar;C:\Users\diego\.m2\repository\org\seleniumhq\selenium\selenium-os\4.29.0\selenium-os-4.29.0.jar;C:\Users\diego\.m2\repository\org\apache\commons\commons-exec\1.4.0\commons-exec-1.4.0.jar;C:\Users\diego\.m2\repository\org\seleniumhq\selenium\selenium-safari-driver\4.29.0\selenium-safari-driver-4.29.0.jar;C:\Users\diego\.m2\repository\org\seleniumhq\selenium\selenium-support\4.29.0\selenium-support-4.29.0.jar;C:\Users\diego\.m2\repository\io\github\bonigarcia\webdrivermanager\5.9.3\webdrivermanager-5.9.3.jar;C:\Users\diego\.m2\repository\com\google\code\gson\gson\2.12.1\gson-2.12.1.jar;C:\Users\diego\.m2\repository\com\github\docker-java\docker-java\3.4.1\docker-java-3.4.1.jar;C:\Users\diego\.m2\repository\com\github\docker-java\docker-java-core\3.4.1\docker-java-core-3.4.1.jar;C:\Users\diego\.m2\repository\com\github\docker-java\docker-java-api\3.4.1\docker-java-api-3.4.1.jar;C:\Users\diego\.m2\repository\com\github\docker-java\docker-java-transport-httpclient5\3.4.1\docker-java-transport-httpclient5-3.4.1.jar;C:\Users\diego\.m2\repository\com\github\docker-java\docker-java-transport\3.4.1\docker-java-transport-3.4.1.jar;C:\Users\diego\.m2\repository\net\java\dev\jna\jna\5.13.0\jna-5.13.0.jar;C:\Users\diego\.m2\repository\org\brotli\dec\0.1.2\dec-0.1.2.jar;C:\Users\diego\.m2\repository\org\apache\commons\commons-compress\1.27.1\commons-compress-1.27.1.jar;C:\Users\diego\.m2\repository\org\apache\httpcomponents\client5\httpclient5\5.2.1\httpclient5-5.2.1.jar;C:\Users\diego\.m2\repository\org\apache\httpcomponents\core5\httpcore5\5.2\httpcore5-5.2.jar;C:\Users\diego\.m2\repository\org\apache\httpcomponents\core5\httpcore5-h2\5.2\httpcore5-h2-5.2.jar;C:\Users\diego\.m2\repository\com\epam\healenium\healenium-web\3.5.4\healenium-web-3.5.4.jar;C:\Users\diego\.m2\repository\org\apache\maven\maven-artifact\3.9.7\maven-artifact-3.9.7.jar;C:\Users\diego\.m2\repository\org\codehaus\plexus\plexus-utils\3.5.1\plexus-utils-3.5.1.jar;C:\Users\diego\.m2\repository\org\apache\maven\maven-plugin-api\3.9.7\maven-plugin-api-3.9.7.jar;C:\Users\diego\.m2\repository\org\apache\maven\maven-model\3.9.7\maven-model-3.9.7.jar;C:\Users\diego\.m2\repository\org\eclipse\sisu\org.eclipse.sisu.plexus\0.9.0.M2\org.eclipse.sisu.plexus-0.9.0.M2.jar;C:\Users\diego\.m2\repository\javax\annotation\javax.annotation-api\1.2\javax.annotation-api-1.2.jar;C:\Users\diego\.m2\repository\org\eclipse\sisu\org.eclipse.sisu.inject\0.9.0.M2\org.eclipse.sisu.inject-0.9.0.M2.jar;C:\Users\diego\.m2\repository\org\codehaus\plexus\plexus-component-annotations\2.1.0\plexus-component-annotations-2.1.0.jar;C:\Users\diego\.m2\repository\org\codehaus\plexus\plexus-classworlds\2.8.0\plexus-classworlds-2.8.0.jar;C:\Users\diego\.m2\repository\com\typesafe\config\1.4.2\config-1.4.2.jar;C:\Users\diego\.m2\repository\com\epam\healenium\tree-comparing\0.4.14\tree-comparing-0.4.14.jar;C:\Users\diego\.m2\repository\commons-codec\commons-codec\1.15\commons-codec-1.15.jar;C:\Users\diego\.m2\repository\org\jetbrains\annotations\23.0.0\annotations-23.0.0.jar;C:\Users\diego\.m2\repository\org\mapstruct\mapstruct\1.4.2.Final\mapstruct-1.4.2.Final.jar;C:\Users\diego\.m2\repository\org\projectlombok\lombok\1.18.22\lombok-1.18.22.jar;C:\Users\diego\.m2\repository\one\util\streamex\0.8.1\streamex-0.8.1.jar;C:\Users\diego\.m2\repository\org\eclipse\jetty\jetty-server\11.0.21\jetty-server-11.0.21.jar;C:\Users\diego\.m2\repository\org\eclipse\jetty\jetty-http\11.0.21\jetty-http-11.0.21.jar;C:\Users\diego\.m2\repository\org\eclipse\jetty\jetty-util\11.0.21\jetty-util-11.0.21.jar;C:\Users\diego\.m2\repository\org\eclipse\jetty\jetty-io\11.0.21\jetty-io-11.0.21.jar;C:\Users\diego\.m2\repository\org\eclipse\jetty\toolchain\jetty-jakarta-servlet-api\5.0.2\jetty-jakarta-servlet-api-5.0.2.jar;C:\Users\diego\.m2\repository\org\hamcrest\hamcrest-core\2.2\hamcrest-core-2.2.jar;C:\Users\diego\.m2\repository\com\codeborne\selenide\7.0.0\selenide-7.0.0.jar;C:\Users\diego\.m2\repository\com\codeborne\selenide-core\7.0.0\selenide-core-7.0.0.jar;C:\Users\diego\.m2\repository\org\testcontainers\junit-jupiter\1.19.8\junit-jupiter-1.19.8.jar;C:\Users\diego\.m2\repository\org\testcontainers\testcontainers\1.19.8\testcontainers-1.19.8.jar;C:\Users\diego\.m2\repository\junit\junit\4.13.2\junit-4.13.2.jar;C:\Users\diego\.m2\repository\org\rnorth\duct-tape\duct-tape\1.0.8\duct-tape-1.0.8.jar;C:\Users\diego\.m2\repository\com\github\docker-java\docker-java-transport-zerodep\3.3.6\docker-java-transport-zerodep-3.3.6.jar;C:\Users\diego\.m2\repository\org\mapstruct\mapstruct-processor\1.4.2.Final\mapstruct-processor-1.4.2.Final.jar;"/>
    <property name="java.vm.vendor" value="Oracle Corporation"/>
    <property name="sun.arch.data.model" value="64"/>
    <property name="user.variant" value=""/>
    <property name="java.vendor.url" value="https://java.oracle.com/"/>
    <property name="user.timezone" value="America/Bogota"/>
    <property name="os.name" value="Windows 11"/>
    <property name="java.vm.specification.version" value="23"/>
    <property name="sun.java.launcher" value="SUN_STANDARD"/>
    <property name="user.country" value="CO"/>
    <property name="sun.boot.library.path" value="C:\Program Files\Java\jdk-23\bin"/>
    <property name="sun.java.command" value="C:\Users\diego\AppData\Local\Temp\surefire5806733866290710423\surefirebooter-20250319115719768_3.jar C:\Users\diego\AppData\Local\Temp\surefire5806733866290710423 2025-03-19T11-57-19_635-jvmRun1 surefire-20250319115719768_1tmp surefire_0-20250319115719768_2tmp"/>
    <property name="jdk.debug" value="release"/>
    <property name="surefire.test.class.path" value="C:\Users\diego\Documents\1. Automation\projectbanktest\target\test-classes;C:\Users\diego\Documents\1. Automation\projectbanktest\target\classes;C:\Users\diego\.m2\repository\org\apache\logging\log4j\log4j-api\2.24.3\log4j-api-2.24.3.jar;C:\Users\diego\.m2\repository\org\apache\logging\log4j\log4j-core\2.24.3\log4j-core-2.24.3.jar;C:\Users\diego\.m2\repository\com\github\javafaker\javafaker\1.0.2\javafaker-1.0.2.jar;C:\Users\diego\.m2\repository\org\apache\commons\commons-lang3\3.5\commons-lang3-3.5.jar;C:\Users\diego\.m2\repository\org\yaml\snakeyaml\1.23\snakeyaml-1.23-android.jar;C:\Users\diego\.m2\repository\com\github\mifmif\generex\1.0.2\generex-1.0.2.jar;C:\Users\diego\.m2\repository\dk\brics\automaton\automaton\1.11-8\automaton-1.11-8.jar;C:\Users\diego\.m2\repository\com\github\ozlerhakan\poiji\4.7.0\poiji-4.7.0.jar;C:\Users\diego\.m2\repository\org\apache\poi\poi-ooxml\5.4.0\poi-ooxml-5.4.0.jar;C:\Users\diego\.m2\repository\org\apache\poi\poi\5.4.0\poi-5.4.0.jar;C:\Users\diego\.m2\repository\org\apache\commons\commons-math3\3.6.1\commons-math3-3.6.1.jar;C:\Users\diego\.m2\repository\com\zaxxer\SparseBitSet\1.3\SparseBitSet-1.3.jar;C:\Users\diego\.m2\repository\org\apache\poi\poi-ooxml-lite\5.4.0\poi-ooxml-lite-5.4.0.jar;C:\Users\diego\.m2\repository\org\apache\xmlbeans\xmlbeans\5.3.0\xmlbeans-5.3.0.jar;C:\Users\diego\.m2\repository\com\github\virtuald\curvesapi\1.08\curvesapi-1.08.jar;C:\Users\diego\.m2\repository\org\apache\commons\commons-collections4\4.4\commons-collections4-4.4.jar;C:\Users\diego\.m2\repository\com\fasterxml\jackson\core\jackson-databind\2.18.2\jackson-databind-2.18.2.jar;C:\Users\diego\.m2\repository\com\fasterxml\jackson\core\jackson-annotations\2.18.2\jackson-annotations-2.18.2.jar;C:\Users\diego\.m2\repository\com\fasterxml\jackson\core\jackson-core\2.18.2\jackson-core-2.18.2.jar;C:\Users\diego\.m2\repository\org\testng\testng\7.10.2\testng-7.10.2.jar;C:\Users\diego\.m2\repository\com\beust\jcommander\1.82\jcommander-1.82.jar;C:\Users\diego\.m2\repository\org\webjars\jquery\3.7.1\jquery-3.7.1.jar;C:\Users\diego\.m2\repository\org\slf4j\slf4j-simple\2.0.16\slf4j-simple-2.0.16.jar;C:\Users\diego\.m2\repository\org\slf4j\slf4j-api\2.0.16\slf4j-api-2.0.16.jar;C:\Users\diego\.m2\repository\io\rest-assured\rest-assured\5.5.0\rest-assured-5.5.0.jar;C:\Users\diego\.m2\repository\org\apache\groovy\groovy\4.0.22\groovy-4.0.22.jar;C:\Users\diego\.m2\repository\org\apache\groovy\groovy-xml\4.0.22\groovy-xml-4.0.22.jar;C:\Users\diego\.m2\repository\org\apache\httpcomponents\httpclient\4.5.13\httpclient-4.5.13.jar;C:\Users\diego\.m2\repository\org\apache\httpcomponents\httpcore\4.4.13\httpcore-4.4.13.jar;C:\Users\diego\.m2\repository\commons-logging\commons-logging\1.2\commons-logging-1.2.jar;C:\Users\diego\.m2\repository\org\apache\httpcomponents\httpmime\4.5.13\httpmime-4.5.13.jar;C:\Users\diego\.m2\repository\org\hamcrest\hamcrest\2.2\hamcrest-2.2.jar;C:\Users\diego\.m2\repository\org\ccil\cowan\tagsoup\tagsoup\1.2.1\tagsoup-1.2.1.jar;C:\Users\diego\.m2\repository\io\rest-assured\json-path\5.5.0\json-path-5.5.0.jar;C:\Users\diego\.m2\repository\org\apache\groovy\groovy-json\4.0.22\groovy-json-4.0.22.jar;C:\Users\diego\.m2\repository\io\rest-assured\rest-assured-common\5.5.0\rest-assured-common-5.5.0.jar;C:\Users\diego\.m2\repository\io\rest-assured\xml-path\5.5.0\xml-path-5.5.0.jar;C:\Users\diego\.m2\repository\io\rest-assured\json-schema-validator\5.5.1\json-schema-validator-5.5.1.jar;C:\Users\diego\.m2\repository\com\github\java-json-tools\json-schema-validator\2.2.14\json-schema-validator-2.2.14.jar;C:\Users\diego\.m2\repository\com\github\java-json-tools\jackson-coreutils-equivalence\1.0\jackson-coreutils-equivalence-1.0.jar;C:\Users\diego\.m2\repository\com\github\java-json-tools\jackson-coreutils\2.0\jackson-coreutils-2.0.jar;C:\Users\diego\.m2\repository\com\github\java-json-tools\msg-simple\1.2\msg-simple-1.2.jar;C:\Users\diego\.m2\repository\com\github\java-json-tools\btf\1.3\btf-1.3.jar;C:\Users\diego\.m2\repository\com\github\java-json-tools\json-schema-core\1.2.14\json-schema-core-1.2.14.jar;C:\Users\diego\.m2\repository\com\github\java-json-tools\uri-template\0.10\uri-template-0.10.jar;C:\Users\diego\.m2\repository\org\mozilla\rhino\1.7.7.2\rhino-1.7.7.2.jar;C:\Users\diego\.m2\repository\com\sun\mail\mailapi\1.6.2\mailapi-1.6.2.jar;C:\Users\diego\.m2\repository\com\googlecode\libphonenumber\libphonenumber\8.11.1\libphonenumber-8.11.1.jar;C:\Users\diego\.m2\repository\com\google\code\findbugs\jsr305\3.0.2\jsr305-3.0.2.jar;C:\Users\diego\.m2\repository\net\sf\jopt-simple\jopt-simple\5.0.4\jopt-simple-5.0.4.jar;C:\Users\diego\.m2\repository\com\google\guava\guava\33.2.1-jre\guava-33.2.1-jre.jar;C:\Users\diego\.m2\repository\com\google\guava\failureaccess\1.0.2\failureaccess-1.0.2.jar;C:\Users\diego\.m2\repository\com\google\guava\listenablefuture\9999.0-empty-to-avoid-conflict-with-guava\listenablefuture-9999.0-empty-to-avoid-conflict-with-guava.jar;C:\Users\diego\.m2\repository\org\checkerframework\checker-qual\3.42.0\checker-qual-3.42.0.jar;C:\Users\diego\.m2\repository\com\google\errorprone\error_prone_annotations\2.26.1\error_prone_annotations-2.26.1.jar;C:\Users\diego\.m2\repository\com\google\j2objc\j2objc-annotations\3.0.0\j2objc-annotations-3.0.0.jar;C:\Users\diego\.m2\repository\io\cucumber\cucumber-junit-platform-engine\7.21.1\cucumber-junit-platform-engine-7.21.1.jar;C:\Users\diego\.m2\repository\io\cucumber\cucumber-core\7.21.1\cucumber-core-7.21.1.jar;C:\Users\diego\.m2\repository\io\cucumber\cucumber-gherkin\7.21.1\cucumber-gherkin-7.21.1.jar;C:\Users\diego\.m2\repository\io\cucumber\cucumber-gherkin-messages\7.21.1\cucumber-gherkin-messages-7.21.1.jar;C:\Users\diego\.m2\repository\io\cucumber\gherkin\31.0.0\gherkin-31.0.0.jar;C:\Users\diego\.m2\repository\io\cucumber\messages\27.2.0\messages-27.2.0.jar;C:\Users\diego\.m2\repository\io\cucumber\testng-xml-formatter\0.3.1\testng-xml-formatter-0.3.1.jar;C:\Users\diego\.m2\repository\io\cucumber\query\13.2.0\query-13.2.0.jar;C:\Users\diego\.m2\repository\io\cucumber\tag-expressions\6.1.2\tag-expressions-6.1.2.jar;C:\Users\diego\.m2\repository\io\cucumber\cucumber-expressions\18.0.1\cucumber-expressions-18.0.1.jar;C:\Users\diego\.m2\repository\io\cucumber\datatable\7.21.1\datatable-7.21.1.jar;C:\Users\diego\.m2\repository\io\cucumber\cucumber-plugin\7.21.1\cucumber-plugin-7.21.1.jar;C:\Users\diego\.m2\repository\io\cucumber\docstring\7.21.1\docstring-7.21.1.jar;C:\Users\diego\.m2\repository\io\cucumber\html-formatter\21.9.0\html-formatter-21.9.0.jar;C:\Users\diego\.m2\repository\io\cucumber\junit-xml-formatter\0.7.1\junit-xml-formatter-0.7.1.jar;C:\Users\diego\.m2\repository\io\cucumber\ci-environment\10.0.1\ci-environment-10.0.1.jar;C:\Users\diego\.m2\repository\org\junit\platform\junit-platform-engine\1.12.0\junit-platform-engine-1.12.0.jar;C:\Users\diego\.m2\repository\org\opentest4j\opentest4j\1.3.0\opentest4j-1.3.0.jar;C:\Users\diego\.m2\repository\io\cucumber\cucumber-java\7.21.1\cucumber-java-7.21.1.jar;C:\Users\diego\.m2\repository\org\apiguardian\apiguardian-api\1.1.2\apiguardian-api-1.1.2.jar;C:\Users\diego\.m2\repository\net\masterthought\cucumber-reporting\5.8.4\cucumber-reporting-5.8.4.jar;C:\Users\diego\.m2\repository\com\fasterxml\jackson\datatype\jackson-datatype-jsr310\2.18.1\jackson-datatype-jsr310-2.18.1.jar;C:\Users\diego\.m2\repository\org\apache\velocity\velocity-engine-core\2.4.1\velocity-engine-core-2.4.1.jar;C:\Users\diego\.m2\repository\joda-time\joda-time\2.13.0\joda-time-2.13.0.jar;C:\Users\diego\.m2\repository\org\apache\commons\commons-configuration2\2.11.0\commons-configuration2-2.11.0.jar;C:\Users\diego\.m2\repository\commons-io\commons-io\2.17.0\commons-io-2.17.0.jar;C:\Users\diego\.m2\repository\org\apache\commons\commons-text\1.12.0\commons-text-1.12.0.jar;C:\Users\diego\.m2\repository\org\jsoup\jsoup\1.18.1\jsoup-1.18.1.jar;C:\Users\diego\.m2\repository\com\googlecode\owasp-java-html-sanitizer\owasp-java-html-sanitizer\20240325.1\owasp-java-html-sanitizer-20240325.1.jar;C:\Users\diego\.m2\repository\com\googlecode\owasp-java-html-sanitizer\java8-shim\20240325.1\java8-shim-20240325.1.jar;C:\Users\diego\.m2\repository\com\googlecode\owasp-java-html-sanitizer\java10-shim\20240325.1\java10-shim-20240325.1.jar;C:\Users\diego\.m2\repository\org\slf4j\jcl-over-slf4j\2.0.16\jcl-over-slf4j-2.0.16.jar;C:\Users\diego\.m2\repository\org\junit\jupiter\junit-jupiter\5.12.0\junit-jupiter-5.12.0.jar;C:\Users\diego\.m2\repository\org\junit\jupiter\junit-jupiter-api\5.12.0\junit-jupiter-api-5.12.0.jar;C:\Users\diego\.m2\repository\org\junit\jupiter\junit-jupiter-params\5.12.0\junit-jupiter-params-5.12.0.jar;C:\Users\diego\.m2\repository\org\junit\jupiter\junit-jupiter-engine\5.12.0\junit-jupiter-engine-5.12.0.jar;C:\Users\diego\.m2\repository\org\junit\platform\junit-platform-suite-api\1.8.0\junit-platform-suite-api-1.8.0.jar;C:\Users\diego\.m2\repository\org\junit\platform\junit-platform-commons\1.12.0\junit-platform-commons-1.12.0.jar;C:\Users\diego\.m2\repository\org\seleniumhq\selenium\selenium-java\4.29.0\selenium-java-4.29.0.jar;C:\Users\diego\.m2\repository\org\seleniumhq\selenium\selenium-api\4.29.0\selenium-api-4.29.0.jar;C:\Users\diego\.m2\repository\org\jspecify\jspecify\1.0.0\jspecify-1.0.0.jar;C:\Users\diego\.m2\repository\org\seleniumhq\selenium\selenium-chrome-driver\4.29.0\selenium-chrome-driver-4.29.0.jar;C:\Users\diego\.m2\repository\com\google\auto\service\auto-service-annotations\1.1.1\auto-service-annotations-1.1.1.jar;C:\Users\diego\.m2\repository\org\seleniumhq\selenium\selenium-chromium-driver\4.29.0\selenium-chromium-driver-4.29.0.jar;C:\Users\diego\.m2\repository\org\seleniumhq\selenium\selenium-json\4.29.0\selenium-json-4.29.0.jar;C:\Users\diego\.m2\repository\org\seleniumhq\selenium\selenium-manager\4.29.0\selenium-manager-4.29.0.jar;C:\Users\diego\.m2\repository\org\seleniumhq\selenium\selenium-devtools-v131\4.29.0\selenium-devtools-v131-4.29.0.jar;C:\Users\diego\.m2\repository\org\seleniumhq\selenium\selenium-devtools-v132\4.29.0\selenium-devtools-v132-4.29.0.jar;C:\Users\diego\.m2\repository\org\seleniumhq\selenium\selenium-devtools-v133\4.29.0\selenium-devtools-v133-4.29.0.jar;C:\Users\diego\.m2\repository\org\seleniumhq\selenium\selenium-devtools-v85\4.29.0\selenium-devtools-v85-4.29.0.jar;C:\Users\diego\.m2\repository\org\seleniumhq\selenium\selenium-edge-driver\4.29.0\selenium-edge-driver-4.29.0.jar;C:\Users\diego\.m2\repository\org\seleniumhq\selenium\selenium-firefox-driver\4.29.0\selenium-firefox-driver-4.29.0.jar;C:\Users\diego\.m2\repository\org\seleniumhq\selenium\selenium-http\4.29.0\selenium-http-4.29.0.jar;C:\Users\diego\.m2\repository\org\seleniumhq\selenium\selenium-ie-driver\4.29.0\selenium-ie-driver-4.29.0.jar;C:\Users\diego\.m2\repository\org\seleniumhq\selenium\selenium-remote-driver\4.29.0\selenium-remote-driver-4.29.0.jar;C:\Users\diego\.m2\repository\io\opentelemetry\semconv\opentelemetry-semconv\1.28.0-alpha\opentelemetry-semconv-1.28.0-alpha.jar;C:\Users\diego\.m2\repository\io\opentelemetry\opentelemetry-api\1.46.0\opentelemetry-api-1.46.0.jar;C:\Users\diego\.m2\repository\io\opentelemetry\opentelemetry-context\1.46.0\opentelemetry-context-1.46.0.jar;C:\Users\diego\.m2\repository\io\opentelemetry\opentelemetry-exporter-logging\1.46.0\opentelemetry-exporter-logging-1.46.0.jar;C:\Users\diego\.m2\repository\io\opentelemetry\opentelemetry-sdk-common\1.46.0\opentelemetry-sdk-common-1.46.0.jar;C:\Users\diego\.m2\repository\io\opentelemetry\opentelemetry-sdk-extension-autoconfigure-spi\1.46.0\opentelemetry-sdk-extension-autoconfigure-spi-1.46.0.jar;C:\Users\diego\.m2\repository\io\opentelemetry\opentelemetry-sdk-extension-autoconfigure\1.46.0\opentelemetry-sdk-extension-autoconfigure-1.46.0.jar;C:\Users\diego\.m2\repository\io\opentelemetry\opentelemetry-api-incubator\1.46.0-alpha\opentelemetry-api-incubator-1.46.0-alpha.jar;C:\Users\diego\.m2\repository\io\opentelemetry\opentelemetry-sdk-trace\1.46.0\opentelemetry-sdk-trace-1.46.0.jar;C:\Users\diego\.m2\repository\io\opentelemetry\opentelemetry-sdk\1.46.0\opentelemetry-sdk-1.46.0.jar;C:\Users\diego\.m2\repository\io\opentelemetry\opentelemetry-sdk-metrics\1.46.0\opentelemetry-sdk-metrics-1.46.0.jar;C:\Users\diego\.m2\repository\io\opentelemetry\opentelemetry-sdk-logs\1.46.0\opentelemetry-sdk-logs-1.46.0.jar;C:\Users\diego\.m2\repository\net\bytebuddy\byte-buddy\1.15.11\byte-buddy-1.15.11.jar;C:\Users\diego\.m2\repository\org\seleniumhq\selenium\selenium-os\4.29.0\selenium-os-4.29.0.jar;C:\Users\diego\.m2\repository\org\apache\commons\commons-exec\1.4.0\commons-exec-1.4.0.jar;C:\Users\diego\.m2\repository\org\seleniumhq\selenium\selenium-safari-driver\4.29.0\selenium-safari-driver-4.29.0.jar;C:\Users\diego\.m2\repository\org\seleniumhq\selenium\selenium-support\4.29.0\selenium-support-4.29.0.jar;C:\Users\diego\.m2\repository\io\github\bonigarcia\webdrivermanager\5.9.3\webdrivermanager-5.9.3.jar;C:\Users\diego\.m2\repository\com\google\code\gson\gson\2.12.1\gson-2.12.1.jar;C:\Users\diego\.m2\repository\com\github\docker-java\docker-java\3.4.1\docker-java-3.4.1.jar;C:\Users\diego\.m2\repository\com\github\docker-java\docker-java-core\3.4.1\docker-java-core-3.4.1.jar;C:\Users\diego\.m2\repository\com\github\docker-java\docker-java-api\3.4.1\docker-java-api-3.4.1.jar;C:\Users\diego\.m2\repository\com\github\docker-java\docker-java-transport-httpclient5\3.4.1\docker-java-transport-httpclient5-3.4.1.jar;C:\Users\diego\.m2\repository\com\github\docker-java\docker-java-transport\3.4.1\docker-java-transport-3.4.1.jar;C:\Users\diego\.m2\repository\net\java\dev\jna\jna\5.13.0\jna-5.13.0.jar;C:\Users\diego\.m2\repository\org\brotli\dec\0.1.2\dec-0.1.2.jar;C:\Users\diego\.m2\repository\org\apache\commons\commons-compress\1.27.1\commons-compress-1.27.1.jar;C:\Users\diego\.m2\repository\org\apache\httpcomponents\client5\httpclient5\5.2.1\httpclient5-5.2.1.jar;C:\Users\diego\.m2\repository\org\apache\httpcomponents\core5\httpcore5\5.2\httpcore5-5.2.jar;C:\Users\diego\.m2\repository\org\apache\httpcomponents\core5\httpcore5-h2\5.2\httpcore5-h2-5.2.jar;C:\Users\diego\.m2\repository\com\epam\healenium\healenium-web\3.5.4\healenium-web-3.5.4.jar;C:\Users\diego\.m2\repository\org\apache\maven\maven-artifact\3.9.7\maven-artifact-3.9.7.jar;C:\Users\diego\.m2\repository\org\codehaus\plexus\plexus-utils\3.5.1\plexus-utils-3.5.1.jar;C:\Users\diego\.m2\repository\org\apache\maven\maven-plugin-api\3.9.7\maven-plugin-api-3.9.7.jar;C:\Users\diego\.m2\repository\org\apache\maven\maven-model\3.9.7\maven-model-3.9.7.jar;C:\Users\diego\.m2\repository\org\eclipse\sisu\org.eclipse.sisu.plexus\0.9.0.M2\org.eclipse.sisu.plexus-0.9.0.M2.jar;C:\Users\diego\.m2\repository\javax\annotation\javax.annotation-api\1.2\javax.annotation-api-1.2.jar;C:\Users\diego\.m2\repository\org\eclipse\sisu\org.eclipse.sisu.inject\0.9.0.M2\org.eclipse.sisu.inject-0.9.0.M2.jar;C:\Users\diego\.m2\repository\org\codehaus\plexus\plexus-component-annotations\2.1.0\plexus-component-annotations-2.1.0.jar;C:\Users\diego\.m2\repository\org\codehaus\plexus\plexus-classworlds\2.8.0\plexus-classworlds-2.8.0.jar;C:\Users\diego\.m2\repository\com\typesafe\config\1.4.2\config-1.4.2.jar;C:\Users\diego\.m2\repository\com\epam\healenium\tree-comparing\0.4.14\tree-comparing-0.4.14.jar;C:\Users\diego\.m2\repository\commons-codec\commons-codec\1.15\commons-codec-1.15.jar;C:\Users\diego\.m2\repository\org\jetbrains\annotations\23.0.0\annotations-23.0.0.jar;C:\Users\diego\.m2\repository\org\mapstruct\mapstruct\1.4.2.Final\mapstruct-1.4.2.Final.jar;C:\Users\diego\.m2\repository\org\projectlombok\lombok\1.18.22\lombok-1.18.22.jar;C:\Users\diego\.m2\repository\one\util\streamex\0.8.1\streamex-0.8.1.jar;C:\Users\diego\.m2\repository\org\eclipse\jetty\jetty-server\11.0.21\jetty-server-11.0.21.jar;C:\Users\diego\.m2\repository\org\eclipse\jetty\jetty-http\11.0.21\jetty-http-11.0.21.jar;C:\Users\diego\.m2\repository\org\eclipse\jetty\jetty-util\11.0.21\jetty-util-11.0.21.jar;C:\Users\diego\.m2\repository\org\eclipse\jetty\jetty-io\11.0.21\jetty-io-11.0.21.jar;C:\Users\diego\.m2\repository\org\eclipse\jetty\toolchain\jetty-jakarta-servlet-api\5.0.2\jetty-jakarta-servlet-api-5.0.2.jar;C:\Users\diego\.m2\repository\org\hamcrest\hamcrest-core\2.2\hamcrest-core-2.2.jar;C:\Users\diego\.m2\repository\com\codeborne\selenide\7.0.0\selenide-7.0.0.jar;C:\Users\diego\.m2\repository\com\codeborne\selenide-core\7.0.0\selenide-core-7.0.0.jar;C:\Users\diego\.m2\repository\org\testcontainers\junit-jupiter\1.19.8\junit-jupiter-1.19.8.jar;C:\Users\diego\.m2\repository\org\testcontainers\testcontainers\1.19.8\testcontainers-1.19.8.jar;C:\Users\diego\.m2\repository\junit\junit\4.13.2\junit-4.13.2.jar;C:\Users\diego\.m2\repository\org\rnorth\duct-tape\duct-tape\1.0.8\duct-tape-1.0.8.jar;C:\Users\diego\.m2\repository\com\github\docker-java\docker-java-transport-zerodep\3.3.6\docker-java-transport-zerodep-3.3.6.jar;C:\Users\diego\.m2\repository\org\mapstruct\mapstruct-processor\1.4.2.Final\mapstruct-processor-1.4.2.Final.jar;"/>
    <property name="sun.cpu.endian" value="little"/>
    <property name="user.home" value="C:\Users\diego"/>
    <property name="user.language" value="es"/>
    <property name="java.specification.vendor" value="Oracle Corporation"/>
    <property name="java.version.date" value="2025-01-21"/>
    <property name="java.home" value="C:\Program Files\Java\jdk-23"/>
    <property name="file.separator" value="\"/>
    <property name="basedir" value="C:\Users\diego\Documents\1. Automation\projectbanktest"/>
    <property name="java.vm.compressedOopsMode" value="Zero based"/>
    <property name="line.separator" value="&#10;"/>
    <property name="java.vm.specification.vendor" value="Oracle Corporation"/>
    <property name="java.specification.name" value="Java Platform API Specification"/>
    <property name="surefire.real.class.path" value="C:\Users\diego\AppData\Local\Temp\surefire5806733866290710423\surefirebooter-20250319115719768_3.jar"/>
    <property name="user.script" value=""/>
    <property name="sun.management.compiler" value="HotSpot 64-Bit Tiered Compilers"/>
    <property name="java.runtime.version" value="23.0.2+7-58"/>
    <property name="user.name" value="diego"/>
    <property name="stdout.encoding" value="Cp1252"/>
    <property name="path.separator" value=";"/>
    <property name="os.version" value="10.0"/>
    <property name="java.runtime.name" value="Java(TM) SE Runtime Environment"/>
    <property name="file.encoding" value="UTF-8"/>
    <property name="java.vm.name" value="Java HotSpot(TM) 64-Bit Server VM"/>
    <property name="localRepository" value="C:\Users\diego\.m2\repository"/>
    <property name="java.vendor.url.bug" value="https://bugreport.java.com/bugreport/"/>
    <property name="java.io.tmpdir" value="C:\Users\diego\AppData\Local\Temp\"/>
    <property name="java.version" value="23.0.2"/>
    <property name="user.dir" value="C:\Users\diego\Documents\1. Automation\projectbanktest"/>
    <property name="os.arch" value="amd64"/>
    <property name="groups" value="OPEN"/>
    <property name="webdriver.gecko.driver" value="C:\Users\diego\.cache\selenium\geckodriver\win64\0.36.0\geckodriver.exe"/>
    <property name="java.vm.specification.name" value="Java Virtual Machine Specification"/>
    <property name="sun.os.patch.level" value=""/>
    <property name="native.encoding" value="Cp1252"/>
    <property name="java.library.path" value="C:\Program Files\Java\jdk-23\bin;C:\Windows\Sun\Java\bin;C:\Windows\system32;C:\Windows;C:\Users\diego\bin;C:\Program Files\Git\mingw64\bin;C:\Program Files\Git\usr\local\bin;C:\Program Files\Git\usr\bin;C:\Program Files\Git\usr\bin;C:\Program Files\Git\mingw64\bin;C:\Program Files\Git\usr\bin;C:\Users\diego\bin;C:\Program Files\Java\jdk-23\bin;C:\Program Files\Common Files\Oracle\Java\javapath;C:\Python313\Scripts;C:\Python313;C:\Windows\system32;C:\Windows;C:\Windows\System32\Wbem;C:\Windows\System32\WindowsPowerShell\v1.0;C:\Windows\System32\OpenSSH;C:\ProgramData\chocolatey\bin;C:\Program Files\nodejs;C:\Program Files\apache-maven-3.9.9\bin;C:\Program Files\Git\cmd;C:\Program Files\PostgreSQL\15\bin;C:\Users\diego\AppData\Local\Microsoft\WindowsApps;C:\Users\diego\AppData\Local\Programs\Microsoft VS Code\bin;C:\Users\diego\.lmstudio\bin;C:\Users\diego\AppData\Roaming\Code\User\globalStorage\github.copilot-chat\debugCommand;C:\Program Files\Git\usr\bin\vendor_perl;C:\Program Files\Git\usr\bin\core_perl;."/>
    <property name="java.vm.info" value="mixed mode, sharing"/>
    <property name="stderr.encoding" value="Cp1252"/>
    <property name="java.vendor" value="Oracle Corporation"/>
    <property name="java.vm.version" value="23.0.2+7-58"/>
    <property name="sun.io.unicode.encoding" value="UnicodeLittle"/>
    <property name="java.class.version" value="67.0"/>
  </properties>
  <testcase name="Transfer founds - Transferencia exitosa de fondos a una cuenta propia" classname="Transfer founds" time="35.274">
    <error message="El localizador By.id: fromAccountId no se encuentra visible" type="java.lang.RuntimeException"><![CDATA[java.lang.RuntimeException: El localizador By.id: fromAccountId no se encuentra visible
	at pages.BasePage.selectionDropdownItem(BasePage.java:168)
	at pages.TransferFoundsPage.selectFromAccount(TransferFoundsPage.java:55)
	at steps.ui.TransferFoundsStepDefinitions.El_usuario_selecciona_la_cuenta_origen(TransferFoundsStepDefinitions.java:42)
	at ✽.El usuario selecciona la cuenta origen(file:///C:/Users/diego/Documents/1.%20Automation/projectbanktest/src/test/resources/features/1_ui/3_TransferFounds.feature:16)
]]></error>
    <system-out><![CDATA[Before all

@UI @OPEN
Scenario: Transferencia exitosa de fondos a una cuenta propia                             &amp#27;[90m# src/test/resources/features/1_ui/3_TransferFounds.feature:12&amp#27;[0m
  &amp#27;[32mGiven &amp#27;[0m&amp#27;[32mEl usuario se encuentra en la pagina de login&amp#27;[0m                                     &amp#27;[90m# steps.ui.OppenAccountStepsDefinition.El_usuario_se_encuentra_en_la_pagina_de_login()&amp#27;[0m
ElementoBy.name: usernameno disponible. Error: java.lang.IllegalArgumentException: Keys to send should be a not null CharSequence
ElementoBy.name: passwordno disponible. Error: java.lang.IllegalArgumentException: Keys to send should be a not null CharSequence
  &amp#27;[32mAnd &amp#27;[0m&amp#27;[32mEl usuario ingresa al sistema con usuario y contraseña&amp#27;[0m                              &amp#27;[90m# steps.ui.OppenAccountStepsDefinition.El_usuario_ingresa_al_sistema_con_usuario_y_contrase_a()&amp#27;[0m
  &amp#27;[32mWhen &amp#27;[0m&amp#27;[32mSe hace clic en el boton Login&amp#27;[0m                                                     &amp#27;[90m# steps.ui.OppenAccountStepsDefinition.Se_hace_clic_en_el_boton_Login()&amp#27;[0m
Elemento By.id: showOverview no se encuentra visible.
  &amp#27;[32mThen &amp#27;[0m&amp#27;[32mSe verifica si el login fue exitoso&amp#27;[0m                                                &amp#27;[90m# steps.ui.OppenAccountStepsDefinition.Se_verifica_si_el_login_fue_exitoso_de_lo_contrario_se_crea_un_nuevo_usuario()&amp#27;[0m
Elemento By.id: showOverview no se encuentra visible.
Elemento By.id: customer.username.errors no se encuentra visible.

    📌 Usuario: sammiewilkinson, password: acaqhv4

  &amp#27;[32mAnd &amp#27;[0m&amp#27;[32mDe lo contrario, se crea un nuevo usuario &amp#27;[0m&amp#27;[32m&amp#27;[1m"VALIDO"&amp#27;[0m                                  &amp#27;[90m# steps.ui.OppenAccountStepsDefinition.De_lo_contrario_se_crea_un_nuevo_usuario(java.lang.String)&amp#27;[0m
Elemento By.xpath: //h1[@class="title" and contains(text(),'Complete')] no se encuentra visible.

    📌 La tabla de cuenta esta visible? : false


    📌 [Accounts[accountNumber=24888, balance=515.5, availableAmount=515.5, typeAccount=null]]

  &amp#27;[32mAnd &amp#27;[0m&amp#27;[32mSe obtienen las cuentas del usuario&amp#27;[0m                                                 &amp#27;[90m# steps.ui.TransferFoundsStepDefinitions.Se_obtienen_las_cuentas_del_usuario()&amp#27;[0m
  &amp#27;[32mWhen &amp#27;[0m&amp#27;[32mEl usuario hace clic en el boton Transfer founds&amp#27;[0m                                   &amp#27;[90m# steps.ui.TransferFoundsStepDefinitions.El_usuario_hace_clic_en_el_boton_Transfer_founds()&amp#27;[0m

    Embedding ScreenShot [image/png 206838 bytes]

  &amp#27;[32mAnd &amp#27;[0m&amp#27;[32mSe verifica que el se visualice en pantalla el formlario de transferencia de fondos&amp#27;[0m &amp#27;[90m# steps.ui.TransferFoundsStepDefinitions.Se_verifica_que_el_se_visualice_en_pantalla_el_formlario_de_transferencia_de_fondos()&amp#27;[0m
  &amp#27;[32mAnd &amp#27;[0m&amp#27;[32mEl usuario ingresa la cantidad a transferir &amp#27;[0m&amp#27;[32m&amp#27;[1m"100"&amp#27;[0m                                   &amp#27;[90m# steps.ui.TransferFoundsStepDefinitions.El_usuario_ingresa_la_cantidad_a_transferir(java.lang.String)&amp#27;[0m

    📌 
    fromAccountId
    toAccountId

  &amp#27;[31mAnd &amp#27;[0m&amp#27;[31mEl usuario selecciona la cuenta origen&amp#27;[0m                                              &amp#27;[90m# steps.ui.TransferFoundsStepDefinitions.El_usuario_selecciona_la_cuenta_origen()&amp#27;[0m
      &amp#27;[31mjava.lang.RuntimeException: El localizador By.id: fromAccountId no se encuentra visible
      	at pages.BasePage.selectionDropdownItem(BasePage.java:168)
      	at pages.TransferFoundsPage.selectFromAccount(TransferFoundsPage.java:55)
      	at steps.ui.TransferFoundsStepDefinitions.El_usuario_selecciona_la_cuenta_origen(TransferFoundsStepDefinitions.java:42)
      	at ✽.El usuario selecciona la cuenta origen(file:///C:/Users/diego/Documents/1.%20Automation/projectbanktest/src/test/resources/features/1_ui/3_TransferFounds.feature:16)&amp#27;[0m
  &amp#27;[36mAnd &amp#27;[0m&amp#27;[36mEl usuario selecciona la cuenta destino&amp#27;[0m                                             &amp#27;[90m# steps.ui.TransferFoundsStepDefinitions.El_usuario_selecciona_la_cuenta_destino()&amp#27;[0m
  &amp#27;[36mAnd &amp#27;[0m&amp#27;[36mEl usuario hace clic en el boton Transfer&amp#27;[0m                                           &amp#27;[90m# steps.ui.TransferFoundsStepDefinitions.El_usuario_hace_clic_en_el_boton_Transfer()&amp#27;[0m
  &amp#27;[36mThen &amp#27;[0m&amp#27;[36mSe visualiza en pantalla el mensaje Transfer Complete!&amp#27;[0m                             &amp#27;[90m# steps.ui.TransferFoundsStepDefinitions.Se_visualiza_en_pantalla_el_mensaje_Transfer_Complete()&amp#27;[0m

    Embedding ScreenShot [image/png 207351 bytes]


    📌 ✅ Scenario finished: FAILED

]]></system-out>
    <system-err><![CDATA[mar 19, 2025 11:57:20 A. M. io.cucumber.junit.platform.engine.DiscoverySelectorResolver warnWhenCucumberFeaturesPropertyIsUsed
WARNING: Discovering tests using the cucumber.features property. Other discovery selectors are ignored!

This is a work around for the limited JUnit 5 support in Maven and Gradle. Please request/upvote/sponsor/ect better support for JUnit 5 discovery selectors. For details see: https://github.com/cucumber/cucumber-jvm/pull/2498

If you are using the JUnit 5 Suite Engine, Platform Launcher API or Console Launcher you should not use this property. Please consult the JUnit 5 documentation on test selection.
[main] INFO io.github.bonigarcia.wdm.WebDriverManager - Reading https://raw.githubusercontent.com/bonigarcia/webdrivermanager/master/docs/mirror/geckodriver to seek geckodriver
[main] INFO io.github.bonigarcia.wdm.WebDriverManager - Exporting webdriver.gecko.driver as C:\Users\diego\.cache\selenium\geckodriver\win64\0.36.0\geckodriver.exe
]]></system-err>
  </testcase>
  <testcase name="Transfer founds - Transfrencia fallida de fondos a una cuenta propia" classname="Transfer founds" time="12.334">
    <error message="El localizador By.id: fromAccountId no se encuentra visible" type="java.lang.RuntimeException"><![CDATA[java.lang.RuntimeException: El localizador By.id: fromAccountId no se encuentra visible
	at pages.BasePage.selectionDropdownItem(BasePage.java:168)
	at pages.TransferFoundsPage.selectFromAccount(TransferFoundsPage.java:55)
	at steps.ui.TransferFoundsStepDefinitions.El_usuario_selecciona_la_cuenta_origen(TransferFoundsStepDefinitions.java:42)
	at ✽.El usuario selecciona la cuenta origen(file:///C:/Users/diego/Documents/1.%20Automation/projectbanktest/src/test/resources/features/1_ui/3_TransferFounds.feature:26)
]]></error>
    <system-out><![CDATA[
@UI @OPEN
Scenario: Transfrencia fallida de fondos a una cuenta propia                              &amp#27;[90m# src/test/resources/features/1_ui/3_TransferFounds.feature:22&amp#27;[0m
  &amp#27;[32mGiven &amp#27;[0m&amp#27;[32mEl usuario se encuentra en la pagina de login&amp#27;[0m                                     &amp#27;[90m# steps.ui.OppenAccountStepsDefinition.El_usuario_se_encuentra_en_la_pagina_de_login()&amp#27;[0m
  &amp#27;[32mAnd &amp#27;[0m&amp#27;[32mEl usuario ingresa al sistema con usuario y contraseña&amp#27;[0m                              &amp#27;[90m# steps.ui.OppenAccountStepsDefinition.El_usuario_ingresa_al_sistema_con_usuario_y_contrase_a()&amp#27;[0m
  &amp#27;[32mWhen &amp#27;[0m&amp#27;[32mSe hace clic en el boton Login&amp#27;[0m                                                     &amp#27;[90m# steps.ui.OppenAccountStepsDefinition.Se_hace_clic_en_el_boton_Login()&amp#27;[0m
  &amp#27;[32mThen &amp#27;[0m&amp#27;[32mSe verifica si el login fue exitoso&amp#27;[0m                                                &amp#27;[90m# steps.ui.OppenAccountStepsDefinition.Se_verifica_si_el_login_fue_exitoso_de_lo_contrario_se_crea_un_nuevo_usuario()&amp#27;[0m
  &amp#27;[32mAnd &amp#27;[0m&amp#27;[32mDe lo contrario, se crea un nuevo usuario &amp#27;[0m&amp#27;[32m&amp#27;[1m"VALIDO"&amp#27;[0m                                  &amp#27;[90m# steps.ui.OppenAccountStepsDefinition.De_lo_contrario_se_crea_un_nuevo_usuario(java.lang.String)&amp#27;[0m
Elemento By.xpath: //h1[@class="title" and contains(text(),'Complete')] no se encuentra visible.

    📌 La tabla de cuenta esta visible? : false


    📌 [Accounts[accountNumber=24888, balance=515.5, availableAmount=515.5, typeAccount=null], Accounts[accountNumber=24888, balance=515.5, availableAmount=515.5, typeAccount=null]]

  &amp#27;[32mAnd &amp#27;[0m&amp#27;[32mSe obtienen las cuentas del usuario&amp#27;[0m                                                 &amp#27;[90m# steps.ui.TransferFoundsStepDefinitions.Se_obtienen_las_cuentas_del_usuario()&amp#27;[0m
  &amp#27;[32mWhen &amp#27;[0m&amp#27;[32mEl usuario hace clic en el boton Transfer founds&amp#27;[0m                                   &amp#27;[90m# steps.ui.TransferFoundsStepDefinitions.El_usuario_hace_clic_en_el_boton_Transfer_founds()&amp#27;[0m

    Embedding ScreenShot [image/png 206838 bytes]

  &amp#27;[32mAnd &amp#27;[0m&amp#27;[32mSe verifica que el se visualice en pantalla el formlario de transferencia de fondos&amp#27;[0m &amp#27;[90m# steps.ui.TransferFoundsStepDefinitions.Se_verifica_que_el_se_visualice_en_pantalla_el_formlario_de_transferencia_de_fondos()&amp#27;[0m
  &amp#27;[32mAnd &amp#27;[0m&amp#27;[32mEl usuario ingresa la cantidad a transferir &amp#27;[0m&amp#27;[32m&amp#27;[1m"500000"&amp#27;[0m                                &amp#27;[90m# steps.ui.TransferFoundsStepDefinitions.El_usuario_ingresa_la_cantidad_a_transferir(java.lang.String)&amp#27;[0m

    📌 
    fromAccountId
    toAccountId

  &amp#27;[31mAnd &amp#27;[0m&amp#27;[31mEl usuario selecciona la cuenta origen&amp#27;[0m                                              &amp#27;[90m# steps.ui.TransferFoundsStepDefinitions.El_usuario_selecciona_la_cuenta_origen()&amp#27;[0m
      &amp#27;[31mjava.lang.RuntimeException: El localizador By.id: fromAccountId no se encuentra visible
      	at pages.BasePage.selectionDropdownItem(BasePage.java:168)
      	at pages.TransferFoundsPage.selectFromAccount(TransferFoundsPage.java:55)
      	at steps.ui.TransferFoundsStepDefinitions.El_usuario_selecciona_la_cuenta_origen(TransferFoundsStepDefinitions.java:42)
      	at ✽.El usuario selecciona la cuenta origen(file:///C:/Users/diego/Documents/1.%20Automation/projectbanktest/src/test/resources/features/1_ui/3_TransferFounds.feature:26)&amp#27;[0m
  &amp#27;[36mAnd &amp#27;[0m&amp#27;[36mSe verifica los fondos de la cuena de origen&amp#27;[0m                                        &amp#27;[90m# steps.ui.TransferFoundsStepDefinitions.Se_verifica_los_fondos_de_la_cuena_de_origen()&amp#27;[0m
  &amp#27;[36mAnd &amp#27;[0m&amp#27;[36mEl usuario selecciona la cuenta destino&amp#27;[0m                                             &amp#27;[90m# steps.ui.TransferFoundsStepDefinitions.El_usuario_selecciona_la_cuenta_destino()&amp#27;[0m
  &amp#27;[36mAnd &amp#27;[0m&amp#27;[36mEl usuario hace clic en el boton Transfer&amp#27;[0m                                           &amp#27;[90m# steps.ui.TransferFoundsStepDefinitions.El_usuario_hace_clic_en_el_boton_Transfer()&amp#27;[0m
  &amp#27;[36mThen &amp#27;[0m&amp#27;[36mSe visualiza en pantalla el mensaje Insufficient Funds!&amp#27;[0m                            &amp#27;[90m# steps.ui.TransferFoundsStepDefinitions.Se_visualiza_en_pantalla_el_mensaje_Insufficient_Funds()&amp#27;[0m

    Embedding ScreenShot [image/png 207561 bytes]


    📌 ✅ Scenario finished: FAILED

]]></system-out>
    <system-err><![CDATA[[main] INFO io.github.bonigarcia.wdm.WebDriverManager - Reading https://raw.githubusercontent.com/bonigarcia/webdrivermanager/master/docs/mirror/geckodriver to seek geckodriver
[main] INFO io.github.bonigarcia.wdm.WebDriverManager - Exporting webdriver.gecko.driver as C:\Users\diego\.cache\selenium\geckodriver\win64\0.36.0\geckodriver.exe
]]></system-err>
  </testcase>
</testsuite>